Job launching after 0.16 seconds in submission.
Running python job.
Changed into dir /home/05/45881/ba-thesis-code/spearmint/slp
Importing train.py
Running train.main()
Traceback (most recent call last):
  File "/home/05/45881/Spearmint/spearmint/schedulers/../launcher.py", line 245, in launch
    result = python_launcher(job)
  File "/home/05/45881/Spearmint/spearmint/schedulers/../launcher.py", line 329, in python_launcher
    result = module.main(job['id'], params)
  File "/home/05/45881/ba-thesis-code/spearmint/slp/train.py", line 56, in main
    params['lmbda'][0])
  File "/home/05/45881/ba-thesis-code/spearmint/slp/train.py", line 43, in train
    improvement_threshold=0.995, validation_frequency=5000)
  File "/home/05/45881/ba-thesis-code/src/network.py", line 224, in SGD
    train_mb(minibatch_index)
  File "/usr/local/lib/python2.7/dist-packages/theano/compile/function_module.py", line 595, in __call__
    outputs = self.fn()
KeyboardInterrupt
Problem executing the function
Job failed in 201.05 seconds.

mongodb://s0545881:KNlZmiaNU@hadoop03.f4.htw-berlin.de:27020/s0545881
s0545881

cpu
float64
Anything printed here will end up in the output directory for job #56
{u'n_hidden_layer': array([200]), u'eta': array([ 0.06725536]), u'border': array([2]), u'lmbda': array([ 0.02574855])}
float64
training_len 16
Validation_len 4
mini_batch_size 500
(50000, 25)
(50000, 25)
num_training_batches 100
num_validation_batches 100
float64
TensorType(float64, matrix)
TensorType(float64, matrix)
iter 1600
patience 20000
iter 3200
patience 20000
iter 4800
patience 20000
Epoch 3: validation accuracy 0.00320668215134
Best validation accuracy to date.
iter 4999, patience 20000
iter 6400
patience 20000
iter 8000
patience 20000
iter 9600
patience 20000
Epoch 6: validation accuracy 0.00319072790353
Best validation accuracy to date.
iter 11200
patience 20000
iter 12800
patience 20000
iter 14400
patience 20000
(<type 'exceptions.KeyboardInterrupt'>, KeyboardInterrupt(), <traceback object at 0xd10a320>)
