Job launching after 0.15 seconds in submission.
Running python job.
Changed into dir /home/05/45881/ba-thesis-code/spearmint/slp
Importing train.py
Running train.main()
Got result 0.0117209361666
Completed successfully in 493.77 seconds. [{u'main': 0.011720936166579881}]

mongodb://s0545881:KNlZmiaNU@hadoop03.f4.htw-berlin.de:27020/s0545881
s0545881

cpu
float64
Anything printed here will end up in the output directory for job #18
{u'n_hidden_layer': array([200]), u'eta': array([ 0.09712159]), u'border': array([2]), u'lmbda': array([ 0.2])}
float64
training_len 16
Validation_len 4
mini_batch_size 500
(50000, 25)
(50000, 25)
num_training_batches 100
num_validation_batches 100
float64
TensorType(float64, matrix)
TensorType(float64, matrix)
iter 1600
patience 20000
iter 3200
patience 20000
iter 4800
patience 20000
Epoch 3: validation accuracy 0.0128745563296
Best validation accuracy to date.
iter 4999, patience 20000
iter 6400
patience 20000
iter 8000
patience 20000
iter 9600
patience 20000
Epoch 6: validation accuracy 0.0125465880551
Best validation accuracy to date.
iter 9999, patience 20000
iter 11200
patience 20000
iter 12800
patience 20000
iter 14400
patience 20000
Epoch 9: validation accuracy 0.0121641074446
Best validation accuracy to date.
iter 14999, patience 29998
iter 16000
patience 29998
iter 17600
patience 29998
iter 19200
patience 29998
Epoch 12: validation accuracy 0.0117685619353
Best validation accuracy to date.
iter 19999, patience 39998
iter 20800
patience 39998
iter 22400
patience 39998
iter 24000
patience 39998
Epoch 15: validation accuracy 0.0136471613951
iter 25600
patience 39998
iter 27200
patience 39998
iter 28800
patience 39998
Epoch 18: validation accuracy 0.0129254622932
iter 30400
patience 39998
iter 32000
patience 39998
iter 33600
patience 39998
Epoch 21: validation accuracy 0.0117209361666
Best validation accuracy to date.
iter 35200
patience 39998
iter 36800
patience 39998
iter 38400
patience 39998
iter 39998
patience 39998
break
iter 39998
patience 39998
Finished training network.
Result = 0.011721
