Job launching after 0.15 seconds in submission.
Running python job.
Changed into dir /home/05/45881/ba-thesis-code/spearmint/slp
Importing train.py
Running train.main()
Got result 0.0149843522687
Completed successfully in 323.73 seconds. [{u'main': 0.014984352268673238}]

mongodb://s0545881:KNlZmiaNU@hadoop03.f4.htw-berlin.de:27020/s0545881
s0545881

cpu
float64
Anything printed here will end up in the output directory for job #12
{u'n_hidden_layer': array([200]), u'eta': array([ 0.05019943]), u'border': array([4]), u'lmbda': array([ 0.19725416])}
float64
training_len 16
Validation_len 4
mini_batch_size 500
(50000, 81)
(50000, 81)
num_training_batches 100
num_validation_batches 100
float64
TensorType(float64, matrix)
TensorType(float64, matrix)
iter 1600
patience 20000
iter 3200
patience 20000
iter 4800
patience 20000
Epoch 3: validation accuracy 0.0149843522687
Best validation accuracy to date.
iter 4999, patience 20000
iter 6400
patience 20000
iter 8000
patience 20000
iter 9600
patience 20000
Epoch 6: validation accuracy 0.0151469918588
iter 11200
patience 20000
iter 12800
patience 20000
iter 14400
patience 20000
Epoch 9: validation accuracy 0.0474198963607
iter 16000
patience 20000
iter 17600
patience 20000
iter 19200
patience 20000
Epoch 12: validation accuracy 0.0152315730472
iter 20000
patience 20000
break
iter 20000
patience 20000
Finished training network.
Result = 0.014984
