Job launching after 0.15 seconds in submission.
Running python job.
Changed into dir /home/05/45881/ba-thesis-code/spearmint/slp
Importing train.py
Running train.main()
Got result 0.000689519547592
Completed successfully in 825.59 seconds. [{u'main': 0.00068951954759209166}]

mongodb://s0545881:KNlZmiaNU@hadoop03.f4.htw-berlin.de:27020/s0545881
s0545881

cpu
float64
Anything printed here will end up in the output directory for job #14
{u'n_hidden_layer': array([189]), u'eta': array([ 0.01]), u'border': array([2]), u'lmbda': array([ 0.00157])}
float64
training_len 16
Validation_len 4
mini_batch_size 500
(50000, 25)
(50000, 25)
num_training_batches 100
num_validation_batches 100
float64
TensorType(float64, matrix)
TensorType(float64, matrix)
iter 1600
patience 20000
iter 3200
patience 20000
iter 4800
patience 20000
Epoch 3: validation accuracy 0.00211069477406
Best validation accuracy to date.
iter 4999, patience 20000
iter 6400
patience 20000
iter 8000
patience 20000
iter 9600
patience 20000
Epoch 6: validation accuracy 0.00125598551088
Best validation accuracy to date.
iter 9999, patience 20000
iter 11200
patience 20000
iter 12800
patience 20000
iter 14400
patience 20000
Epoch 9: validation accuracy 0.000828047554812
Best validation accuracy to date.
iter 14999, patience 29998
iter 16000
patience 29998
iter 17600
patience 29998
iter 19200
patience 29998
Epoch 12: validation accuracy 0.000749136653395
Best validation accuracy to date.
iter 19999, patience 39998
iter 20800
patience 39998
iter 22400
patience 39998
iter 24000
patience 39998
Epoch 15: validation accuracy 0.000713071087632
Best validation accuracy to date.
iter 24999, patience 49998
iter 25600
patience 49998
iter 27200
patience 49998
iter 28800
patience 49998
Epoch 18: validation accuracy 0.000696574040106
Best validation accuracy to date.
iter 29999, patience 59998
iter 30400
patience 59998
iter 32000
patience 59998
iter 33600
patience 59998
Epoch 21: validation accuracy 0.000690840528531
Best validation accuracy to date.
iter 34999, patience 69998
iter 35200
patience 69998
iter 36800
patience 69998
iter 38400
patience 69998
Epoch 24: validation accuracy 0.000689519547592
Best validation accuracy to date.
iter 40000
patience 69998
iter 41600
patience 69998
iter 43200
patience 69998
iter 44800
patience 69998
Epoch 28: validation accuracy 0.00069300369819
iter 46400
patience 69998
iter 48000
patience 69998
iter 49600
patience 69998
Epoch 31: validation accuracy 0.000700421139189
iter 51200
patience 69998
iter 52800
patience 69998
iter 54400
patience 69998
Epoch 34: validation accuracy 0.000710290687185
iter 56000
patience 69998
iter 57600
patience 69998
iter 59200
patience 69998
Epoch 37: validation accuracy 0.000721973512081
iter 60800
patience 69998
iter 62400
patience 69998
iter 64000
patience 69998
Epoch 40: validation accuracy 0.000734205552534
iter 65600
patience 69998
iter 67200
patience 69998
iter 68800
patience 69998
iter 69998
patience 69998
break
iter 69998
patience 69998
Finished training network.
Result = 0.000690
