Job launching after 0.16 seconds in submission.
Running python job.
Changed into dir /home/05/45881/ba-thesis-code/spearmint/slp
Importing train.py
Running train.main()
Got result 0.00196723705816
Completed successfully in 776.87 seconds. [{u'main': 0.0019672370581604532}]

mongodb://s0545881:KNlZmiaNU@hadoop03.f4.htw-berlin.de:27020/s0545881
s0545881

cpu
float64
Anything printed here will end up in the output directory for job #47
{u'n_hidden_layer': array([80]), u'eta': array([ 0.05888278]), u'border': array([5]), u'lmbda': array([ 0.])}
float64
training_len 16
Validation_len 4
mini_batch_size 500
(50000, 121)
(50000, 121)
num_training_batches 100
num_validation_batches 100
float64
TensorType(float64, matrix)
TensorType(float64, matrix)
iter 1600
patience 20000
iter 3200
patience 20000
iter 4800
patience 20000
Epoch 3: validation accuracy 0.00310638739952
Best validation accuracy to date.
iter 4999, patience 20000
iter 6400
patience 20000
iter 8000
patience 20000
iter 9600
patience 20000
Epoch 6: validation accuracy 0.00320563399882
iter 11200
patience 20000
iter 12800
patience 20000
iter 14400
patience 20000
Epoch 9: validation accuracy 0.00325591611739
iter 16000
patience 20000
iter 17600
patience 20000
iter 19200
patience 20000
Epoch 12: validation accuracy 0.00285510173623
Best validation accuracy to date.
iter 19999, patience 39998
iter 20800
patience 39998
iter 22400
patience 39998
iter 24000
patience 39998
Epoch 15: validation accuracy 0.0025279371621
Best validation accuracy to date.
iter 24999, patience 49998
iter 25600
patience 49998
iter 27200
patience 49998
iter 28800
patience 49998
Epoch 18: validation accuracy 0.00436724338715
iter 30400
patience 49998
iter 32000
patience 49998
iter 33600
patience 49998
Epoch 21: validation accuracy 0.00196723705816
Best validation accuracy to date.
iter 34999, patience 69998
iter 35200
patience 69998
iter 36800
patience 69998
iter 38400
patience 69998
Epoch 24: validation accuracy 0.002077082704
iter 40000
patience 69998
iter 41600
patience 69998
iter 43200
patience 69998
iter 44800
patience 69998
Epoch 28: validation accuracy 0.00217816935101
iter 46400
patience 69998
iter 48000
patience 69998
iter 49600
patience 69998
Epoch 31: validation accuracy 0.00223981978996
iter 51200
patience 69998
iter 52800
patience 69998
iter 54400
patience 69998
Epoch 34: validation accuracy 0.00230819336644
iter 56000
patience 69998
iter 57600
patience 69998
iter 59200
patience 69998
Epoch 37: validation accuracy 0.00239593658567
iter 60800
patience 69998
iter 62400
patience 69998
iter 64000
patience 69998
Epoch 40: validation accuracy 0.00219776831891
iter 65600
patience 69998
iter 67200
patience 69998
iter 68800
patience 69998
iter 69998
patience 69998
break
iter 69998
patience 69998
Finished training network.
Result = 0.001967
