Job launching after 0.16 seconds in submission.
Running python job.
Changed into dir /home/05/45881/ba-thesis-code/spearmint/slp
Importing train.py
Running train.main()
Got result 0.000243036159222
Completed successfully in 428.65 seconds. [{u'main': 0.00024303615922229349}]

mongodb://s0545881:KNlZmiaNU@hadoop03.f4.htw-berlin.de:27020/s0545881
s0545881

cpu
float64
Anything printed here will end up in the output directory for job #44
{u'n_hidden_layer': array([80]), u'eta': array([ 0.05962632]), u'border': array([2]), u'lmbda': array([ 0.])}
float64
training_len 16
Validation_len 4
mini_batch_size 500
(50000, 25)
(50000, 25)
num_training_batches 100
num_validation_batches 100
float64
TensorType(float64, matrix)
TensorType(float64, matrix)
iter 1600
patience 20000
iter 3200
patience 20000
iter 4800
patience 20000
Epoch 3: validation accuracy 0.000466406957515
Best validation accuracy to date.
iter 4999, patience 20000
iter 6400
patience 20000
iter 8000
patience 20000
iter 9600
patience 20000
Epoch 6: validation accuracy 0.000334052535329
Best validation accuracy to date.
iter 9999, patience 20000
iter 11200
patience 20000
iter 12800
patience 20000
iter 14400
patience 20000
Epoch 9: validation accuracy 0.000285019859911
Best validation accuracy to date.
iter 14999, patience 29998
iter 16000
patience 29998
iter 17600
patience 29998
iter 19200
patience 29998
Epoch 12: validation accuracy 0.000266887484027
Best validation accuracy to date.
iter 19999, patience 39998
iter 20800
patience 39998
iter 22400
patience 39998
iter 24000
patience 39998
Epoch 15: validation accuracy 0.000252435508211
Best validation accuracy to date.
iter 24999, patience 49998
iter 25600
patience 49998
iter 27200
patience 49998
iter 28800
patience 49998
Epoch 18: validation accuracy 0.000243036159222
Best validation accuracy to date.
iter 29999, patience 59998
iter 30400
patience 59998
iter 32000
patience 59998
iter 33600
patience 59998
Epoch 21: validation accuracy 0.000257856029247
iter 35200
patience 59998
iter 36800
patience 59998
iter 38400
patience 59998
Epoch 24: validation accuracy 0.000255825751234
iter 40000
patience 59998
iter 41600
patience 59998
iter 43200
patience 59998
iter 44800
patience 59998
Epoch 28: validation accuracy 0.000256117445472
iter 46400
patience 59998
iter 48000
patience 59998
iter 49600
patience 59998
Epoch 31: validation accuracy 0.000257661629395
iter 51200
patience 59998
iter 52800
patience 59998
iter 54400
patience 59998
Epoch 34: validation accuracy 0.000244323787218
iter 56000
patience 59998
iter 57600
patience 59998
iter 59200
patience 59998
iter 59998
patience 59998
break
iter 59998
patience 59998
Finished training network.
Result = 0.000243
