Job launching after 0.15 seconds in submission.
Running python job.
Changed into dir /home/05/45881/ba-thesis-code/spearmint/slp
Importing train.py
Running train.main()
Got result 0.0118152962425
Completed successfully in 285.55 seconds. [{u'main': 0.011815296242456958}]

mongodb://s0545881:KNlZmiaNU@hadoop03.f4.htw-berlin.de:27020/s0545881
s0545881

cpu
float64
Anything printed here will end up in the output directory for job #35
{u'n_hidden_layer': array([80]), u'eta': array([ 0.04826567]), u'border': array([2]), u'lmbda': array([ 0.1999502])}
float64
training_len 16
Validation_len 4
mini_batch_size 500
(50000, 25)
(50000, 25)
num_training_batches 100
num_validation_batches 100
float64
TensorType(float64, matrix)
TensorType(float64, matrix)
iter 1600
patience 20000
iter 3200
patience 20000
iter 4800
patience 20000
Epoch 3: validation accuracy 0.0153084502313
Best validation accuracy to date.
iter 4999, patience 20000
iter 6400
patience 20000
iter 8000
patience 20000
iter 9600
patience 20000
Epoch 6: validation accuracy 0.0149664626148
Best validation accuracy to date.
iter 9999, patience 20000
iter 11200
patience 20000
iter 12800
patience 20000
iter 14400
patience 20000
Epoch 9: validation accuracy 0.0179416120795
iter 16000
patience 20000
iter 17600
patience 20000
iter 19200
patience 20000
Epoch 12: validation accuracy 0.0118152962425
Best validation accuracy to date.
iter 19999, patience 39998
iter 20800
patience 39998
iter 22400
patience 39998
iter 24000
patience 39998
Epoch 15: validation accuracy 0.0137540775075
iter 25600
patience 39998
iter 27200
patience 39998
iter 28800
patience 39998
Epoch 18: validation accuracy 0.0153266725864
iter 30400
patience 39998
iter 32000
patience 39998
iter 33600
patience 39998
Epoch 21: validation accuracy 0.0134536070961
iter 35200
patience 39998
iter 36800
patience 39998
iter 38400
patience 39998
iter 39998
patience 39998
break
iter 39998
patience 39998
Finished training network.
Result = 0.011815
