Job launching after 0.16 seconds in submission.
Running python job.
Changed into dir /home/05/45881/ba-thesis-code/spearmint/slp
Importing train.py
Running train.main()
Got result 0.00594525651568
Completed successfully in 859.63 seconds. [{u'main': 0.0059452565156770613}]

mongodb://s0545881:KNlZmiaNU@hadoop03.f4.htw-berlin.de:27020/s0545881
s0545881

cpu
float64
Anything printed here will end up in the output directory for job #38
{u'n_hidden_layer': array([200]), u'eta': array([ 0.01]), u'border': array([3]), u'lmbda': array([ 0.06020806])}
float64
training_len 16
Validation_len 4
mini_batch_size 500
(50000, 49)
(50000, 49)
num_training_batches 100
num_validation_batches 100
float64
TensorType(float64, matrix)
TensorType(float64, matrix)
iter 1600
patience 20000
iter 3200
patience 20000
iter 4800
patience 20000
Epoch 3: validation accuracy 0.00765267035648
Best validation accuracy to date.
iter 4999, patience 20000
iter 6400
patience 20000
iter 8000
patience 20000
iter 9600
patience 20000
Epoch 6: validation accuracy 0.0070823115507
Best validation accuracy to date.
iter 9999, patience 20000
iter 11200
patience 20000
iter 12800
patience 20000
iter 14400
patience 20000
Epoch 9: validation accuracy 0.00698779785132
Best validation accuracy to date.
iter 14999, patience 29998
iter 16000
patience 29998
iter 17600
patience 29998
iter 19200
patience 29998
Epoch 12: validation accuracy 0.00639744315957
Best validation accuracy to date.
iter 19999, patience 39998
iter 20800
patience 39998
iter 22400
patience 39998
iter 24000
patience 39998
Epoch 15: validation accuracy 0.0059995503972
Best validation accuracy to date.
iter 24999, patience 49998
iter 25600
patience 49998
iter 27200
patience 49998
iter 28800
patience 49998
Epoch 18: validation accuracy 0.00594525651568
Best validation accuracy to date.
iter 29999, patience 59998
iter 30400
patience 59998
iter 32000
patience 59998
iter 33600
patience 59998
Epoch 21: validation accuracy 0.00599964972771
iter 35200
patience 59998
iter 36800
patience 59998
iter 38400
patience 59998
Epoch 24: validation accuracy 0.00601622020849
iter 40000
patience 59998
iter 41600
patience 59998
iter 43200
patience 59998
iter 44800
patience 59998
Epoch 28: validation accuracy 0.0060131212469
iter 46400
patience 59998
iter 48000
patience 59998
iter 49600
patience 59998
Epoch 31: validation accuracy 0.0101723205998
iter 51200
patience 59998
iter 52800
patience 59998
iter 54400
patience 59998
Epoch 34: validation accuracy 0.00607237261198
iter 56000
patience 59998
iter 57600
patience 59998
iter 59200
patience 59998
iter 59998
patience 59998
break
iter 59998
patience 59998
Finished training network.
Result = 0.005945
