Job launching after 0.16 seconds in submission.
Running python job.
Changed into dir /home/05/45881/ba-thesis-code/spearmint/slp
Importing train.py
Running train.main()

mongodb://s0545881:KNlZmiaNU@hadoop03.f4.htw-berlin.de:27020/s0545881
s0545881

cpu
float64
Anything printed here will end up in the output directory for job #45
{u'n_hidden_layer': array([80]), u'eta': array([ 0.0732242]), u'border': array([2]), u'lmbda': array([ 0.2])}
float64
training_len 16
Validation_len 4
mini_batch_size 500
(50000, 25)
(50000, 25)
num_training_batches 100
num_validation_batches 100
float64
TensorType(float64, matrix)
TensorType(float64, matrix)
iter 1600
patience 20000
iter 3200
patience 20000
iter 4800
patience 20000
Epoch 3: validation accuracy 0.0136130446836
Best validation accuracy to date.
iter 4999, patience 20000
iter 6400
patience 20000
iter 8000
patience 20000
iter 9600
patience 20000
Epoch 6: validation accuracy 0.0240509114136
iter 11200
patience 20000
iter 12800
patience 20000
iter 14400
patience 20000
Epoch 9: validation accuracy 0.016098900159
iter 16000
patience 20000
iter 17600
patience 20000
iter 19200
patience 20000
Epoch 12: validation accuracy 0.0114814460377
Best validation accuracy to date.
iter 19999, patience 39998
iter 20800
patience 39998
iter 22400
patience 39998
iter 24000
patience 39998
Epoch 15: validation accuracy 0.0144780114308
iter 25600
patience 39998
iter 27200
patience 39998
iter 28800
patience 39998
Epoch 18: validation accuracy 0.0117123124216
iter 30400
patience 39998
iter 32000
patience 39998
iter 33600
patience 39998
Epoch 21: validation accuracy 0.0111032251724
Best validation accuracy to date.
iter 34999, patience 69998
iter 35200
patience 69998
iter 36800
patience 69998
iter 38400
patience 69998
Epoch 24: validation accuracy 0.0184437184567
iter 40000
patience 69998
iter 41600
patience 69998
iter 43200
patience 69998
iter 44800
patience 69998
Epoch 28: validation accuracy 0.0289371491545
iter 46400
patience 69998
iter 48000
patience 69998
iter 49600
patience 69998
Epoch 31: validation accuracy 0.040163834571
iter 51200
patience 69998
iter 52800
patience 69998
iter 54400
patience 69998
Epoch 34: validation accuracy 0.0264495315163
iter 56000
patience 69998
iter 57600
patience 69998
iter 59200
patience 69998
Epoch 37: validation accuracy 0.0111322563754
iter 60800
patience 69998
iter 62400
patience 69998
iter 64000
patience 69998
Epoch 40: validation accuracy 0.0109824474916
Best validation accuracy to date.
iter 64999, patience 129998
iter 65600
patience 129998
iter 67200
patience 129998
iter 68800
patience 129998
Epoch 43: validation accuracy 0.0116724119108
iter 70400
patience 129998
iter 72000
patience 129998
iter 73600
patience 129998
Epoch 46: validation accuracy 0.0314584664701
iter 75200
patience 129998
iter 76800
patience 129998
iter 78400
patience 129998
Epoch 49: validation accuracy 0.0136680225793
iter 80000
patience 129998
iter 81600
patience 129998
iter 83200
patience 129998
iter 84800
patience 129998
Epoch 53: validation accuracy 0.037052741475
iter 86400
patience 129998
iter 88000
patience 129998
iter 89600
patience 129998
Epoch 56: validation accuracy 0.0384949630613
iter 91200
patience 129998
iter 92800
patience 129998
iter 94400
patience 129998
Epoch 59: validation accuracy 0.0141749942565
iter 96000
patience 129998
iter 97600
patience 129998
iter 99200
patience 129998
Epoch 62: validation accuracy 0.0118496114121
iter 100800
patience 129998
iter 102400
patience 129998
iter 104000
patience 129998
Epoch 65: validation accuracy 0.0162395909398
iter 105600
patience 129998
iter 107200
patience 129998
iter 108800
patience 129998
Epoch 68: validation accuracy 0.0381938381646
iter 110400
patience 129998
iter 112000
patience 129998
iter 113600
patience 129998
Epoch 71: validation accuracy 0.0157011921517
iter 115200
patience 129998
iter 116800
patience 129998
iter 118400
patience 129998
Epoch 74: validation accuracy 0.0110091779529
iter 120000
patience 129998
iter 121600
patience 129998
iter 123200
patience 129998
iter 124800
patience 129998
Epoch 78: validation accuracy 0.0377727274997
iter 126400
patience 129998
iter 128000
patience 129998
iter 129600
patience 129998
iter 129998
patience 129998
break
iter 129998
patience 129998
Finished traGot result 0.0109824474916
Completed successfully in 922.13 seconds. [{u'main': 0.010982447491573066}]
ining network.
Result = 0.010982
