Job launching after 0.15 seconds in submission.
Running python job.
Changed into dir /home/05/45881/ba-thesis-code/spearmint/slp-2
Importing train.py
Using gpu device 0: Tesla K20m
Running train.main()

mongodb://s0545881:KNlZmiaNU@hadoop03.f4.htw-berlin.de:27020/s0545881
s0545881

Anything printed here will end up in the output directory for job #13
{u'n_hidden_layer': array([200]), u'eta': array([ 0.01]), u'border': array([2]), u'lmbda': array([  1.00000000e-05])}
TensorType(float32, matrix)
TensorType(float32, matrix)
training_len 6
Validation_len 1
mini_batch_size 500
CudaNdarrayType(float32, matrix)
CudaNdarrayType(float32, matrix)
Epoch 0: validation accuracy 0.00318579282612
Best validation accuracy to date.
iter 4999, patience 20000
iter 6000
patience 20000
Epoch 1: validation accuracy 0.0022500876803
Best validation accuracy to date.
iter 9999, patience 20000
iter 12000
patience 20000
Epoch 2: validation accuracy 0.00187731988262
Best validation accuracy to date.
iter 14999, patience 29998
iter 18000
patience 29998
Epoch 3: validation accuracy 0.00168841285631
Best validation accuracy to date.
iter 19999, patience 39998
iter 24000
patience 39998
Epoch 4: validation accuracy 0.00156748457812
Best validation accuracy to date.
iter 24999, patience 49998
Epoch 4: validation accuracy 0.00147266720887
Best validation accuracy to date.
iter 29999, patience 59998
iter 30000
patience 59998
Epoch 5: validation accuracy 0.00139688653871
Best validation accuracy to date.
iter 34999, patience 69998
iter 36000
patience 69998
Epoch 6: validation accuracy 0.00134140392765
Best validation accuracy to date.
iter 39999, patience 79998
iter 42000
patience 79998
Epoch 7: validation accuracy 0.00129900674801
Best validation accuracy to date.
iter 44999, patience 89998
iter 48000
patience 89998
Epoch 8: validation accuracy 0.00126453174744
Best validation accuracy to date.
iter 49999, patience 99998
iter 54000
patience 99998
Epoch 9: validation accuracy 0.00123588764109
Best validation accuracy to date.
iter 54999, patience 109998
Epoch 9: validation accuracy 0.00121224310715
Best validation accuracy to date.
iter 59999, patience 119998
iter 60000
patience 119998
Epoch 10: validation accuracy 0.00119278358761
Best validation accuracy to date.
iter 64999, patience 129998
iter 66000
patience 129998
Epoch 11: validation accuracy 0.00117624748964
Best validation accuracy to date.
iter 69999, patience 139998
iter 72000
patience 139998
Epoch 12: validation accuracy 0.00116142490879
Best validation accuracy to date.
iter 74999, patience 149998
iter 78000
patience 149998
Epoch 13: validation accuracy 0.00114757730626
Best validation accuracy to date.
iter 79999, patience 159998
iter 84000
patience 159998
Epoch 14: validation accuracy 0.00113438919652
Best validation accuracy to date.
iter 84999, patience 169998
Epoch 14: validation accuracy 0.00112175312825
Best validation accuracy to date.
iter 89999, patience 179998
iter 90000
patience 179998
Epoch 15: validation accuracy 0.00110963755287
Best validation accuracy to date.
iter 94999, patience 189998
iter 96000
patience 189998
Epoch 16: validation accuracy 0.0010980454972
Best validation accuracy to date.
iter 99999, patience 199998
iter 102000
patience 199998
Epoch 17: validation accuracy 0.00108701211866
Best validation accuracy to date.
iter 104999, patience 209998
iter 108000
patience 209998
Epoch 18: validation accuracy 0.00107658503111
Best validation accuracy to date.
iter 109999, patience 219998
iter 114000
patience 219998
Epoch 19: validation accuracy 0.00106677995063
Best validation accuracy to date.
iter 114999, patience 229998
Epoch 19: validation accuracy 0.00105756591074
Best validation accuracy to date.
iter 119999, patience 239998
iter 120000
patience 239998
Epoch 20: validation accuracy 0.00104888551868
Best validation accuracy to date.
iter 124999, patience 249998
iter 126000
patience 249998
Epoch 21: validation accuracy 0.00104068801738
Best validation accuracy to date.
iter 129999, patience 259998
iter 132000
patience 259998
Epoch 22: validation accuracy 0.00103293952998
Best validation accuracy to date.
iter 134999, patience 269998
iter 138000
patience 269998
Epoch 23: validation accuracy 0.0010256174719
Best validation accuracy to date.
iter 139999, patience 279998
iter 144000
patience 279998
Epoch 24: validation accuracy 0.00101870624349
Best validation accuracy to date.
iter 144999, patience 289998
Epoch 24: validation accuracy 0.00101218989585
Best validation accuracy to date.
iter 149999, patience 299998
iter 150000
patience 299998
Epoch 25: validation accuracy 0.00100604968611
Best validation accuracy to date.
iter 154999, patience 309998
iter 156000
patience 309998
Epoch 26: validation accuracy 0.00100026198197
Best validation accuracy to date.
iter 159999, patience 319998
iter 162000
patience 319998
Epoch 27: validation accuracy 0.000994798028842
Best validation accuracy to date.
iter 164999, patience 329998
iter 168000
patience 329998
Epoch 28: validation accuracy 0.000989622436464
Best validation accuracy to date.
iter 169999, patience 339998
iter 174000
patience 339998
Epoch 29: validation accuracy 0.000984698184766
Best validation accuracy to date.
Epoch 29: validation accuracy 0.000979988486506
Best validation accuracy to date.
iter 180000
patience 339998
Epoch 30: validation accuracy 0.000975457835011
Best validation accuracy to date.
iter 186000
patience 339998
Epoch 31: validation accuracy 0.000971075962298
Best validation accuracy to date.
iter 192000
patience 339998
Epoch 32: validation accuracy 0.000966815510765
Best validation accuracy to date.
iter 198000
patience 339998
Epoch 33: validation accuracy 0.000962656165939
Best validation accuracy to date.
iter 204000
patience 339998
Epoch 34: validation accuracy 0.00095857999986
Best validation accuracy to date.
Epoch 34: validation accuracy 0.00095457531279
Best validation accuracy to date.
iter 210000
patience 339998
Epoch 35: validation accuracy 0.000950632442255
Best validation accuracy to date.
iter 216000
patience 339998
Epoch 36: validation accuracy 0.000946746207774
Best validation accuracy to date.
iter 222000
patience 339998
Epoch 37: validation accuracy 0.000942914339248
Best validation accuracy to date.
iter 228000
patience 339998
Epoch 38: validation accuracy 0.000939136138186
Best validation accuracy to date.
iter 234000
patience 339998
Epoch 39: validation accuracy 0.000935412186664
Best validation accuracy to date.
Epoch 39: validation accuracy 0.000931745162234
Best validation accuracy to date.
iter 240000
patience 339998
Epoch 40: validation accuracy 0.000928138033487
Best validation accuracy to date.
iter 246000
patience 339998
Epoch 41: validation accuracy 0.000924594060052
Best validation accuracy to date.
iter 252000
patience 339998
Epoch 42: validation accuracy 0.000921117258258
Best validation accuracy to date.
iter 258000
patience 339998
Epoch 43: validation accuracy 0.000917711353395
Best validation accuracy to date.
iter 264000
patience 339998
Epoch 44: validation accuracy 0.000914379721507
Best validation accuracy to date.
Epoch 44: validation accuracy 0.000911124923732
Best validation accuracy to date.
iter 270000
patience 339998
Epoch 45: validation accuracy 0.000907949986868
Best validation accuracy to date.
iter 276000
patience 339998
Epoch 46: validation accuracy 0.000904855551198
Best validation accuracy to date.
iter 282000
patience 339998
Epoch 47: validation accuracy 0.000901842722669
Best validation accuracy to date.
iter 288000
patience 339998
Epoch 48: validation accuracy 0.000898910220712
Best validation accuracy to date.
iter 294000
patience 339998
Epoch 49: validation accuracy 0.000896057405043
Best validation accuracy to date.
Epoch 49: validation accuracy 0.00089328258764
Best validation accuracy to date.
iter 300000
patience 339998
Epoch 50: validation accuracy 0.000890583673026
Best validation accuracy to date.
iter 306000
patience 339998
Epoch 51: validation accuracy 0.000887957343366
Best validation accuracy to date.
iter 312000
patience 339998
Epoch 52: validation accuracy 0.000885401503183
Best validation accuracy to date.
iter 318000
patience 339998
Epoch 53: validation accuracy 0.000882913067471
Best validation accuracy to date.
iter 324000
patience 339998
Epoch 54: validation accuracy 0.000880489475094
Best validation accuracy to date.
Epoch 54: validation accuracyGot result 0.000875825295225
Completed successfully in 2571.00 seconds. [{u'main': 0.0008758252952247858}]
 0.000878127641045
Best validation accuracy to date.
iter 330000
patience 339998
Epoch 55: validation accuracy 0.000875825295225
Best validation accuracy to date.
iter 336000
patience 339998
iter 339998
patience 339998
break
iter 339998
patience 339998
Finished training network.
Time = 2568.934389
Result = 0.000876
