Job launching after 0.15 seconds in submission.
Running python job.
Changed into dir /home/05/45881/ba-thesis-code/spearmint/slp-2
Importing train.py
Using gpu device 0: Tesla K20m
Running train.main()

mongodb://s0545881:KNlZmiaNU@hadoop03.f4.htw-berlin.de:27020/s0545881
s0545881

Anything printed here will end up in the output directory for job #6
{u'n_hidden_layer': array([200]), u'eta': array([ 0.01611123]), u'border': array([2]), u'lmbda': array([  1.06530438e-06])}
TensorType(float32, matrix)
TensorType(float32, matrix)
training_len 6
Validation_len 1
mini_batch_size 500
CudaNdarrayType(float32, matrix)
CudaNdarrayType(float32, matrix)
Epoch 0: validation accuracy 0.00247132149525
Best validation accuracy to date.
iter 4999, patience 20000
iter 6000
patience 20000
Epoch 1: validation accuracy 0.00181099225301
Best validation accuracy to date.
iter 9999, patience 20000
iter 12000
patience 20000
Epoch 2: validation accuracy 0.00160645029973
Best validation accuracy to date.
iter 14999, patience 29998
iter 18000
patience 29998
Epoch 3: validation accuracy 0.00147563265637
Best validation accuracy to date.
iter 19999, patience 39998
iter 24000
patience 39998
Epoch 4: validation accuracy 0.00139418314211
Best validation accuracy to date.
iter 24999, patience 49998
Epoch 4: validation accuracy 0.00134300428908
Best validation accuracy to date.
iter 29999, patience 59998
iter 30000
patience 59998
Epoch 5: validation accuracy 0.00130700098816
Best validation accuracy to date.
iter 34999, patience 69998
iter 36000
patience 69998
Epoch 6: validation accuracy 0.0012793893693
Best validation accuracy to date.
iter 39999, patience 79998
iter 42000
patience 79998
Epoch 7: validation accuracy 0.00125733076129
Best validation accuracy to date.
iter 44999, patience 89998
iter 48000
patience 89998
Epoch 8: validation accuracy 0.00123732176144
Best validation accuracy to date.
iter 49999, patience 99998
iter 54000
patience 99998
Epoch 9: validation accuracy 0.00121655128896
Best validation accuracy to date.
iter 54999, patience 109998
Epoch 9: validation accuracy 0.00119463319425
Best validation accuracy to date.
iter 59999, patience 119998
iter 60000
patience 119998
Epoch 10: validation accuracy 0.00117264513392
Best validation accuracy to date.
iter 64999, patience 129998
iter 66000
patience 129998
Epoch 11: validation accuracy 0.00115174369421
Best validation accuracy to date.
iter 69999, patience 139998
iter 72000
patience 139998
Epoch 12: validation accuracy 0.00113251258153
Best validation accuracy to date.
iter 74999, patience 149998
iter 78000
patience 149998
Epoch 13: validation accuracy 0.00111529277638
Best validation accuracy to date.
iter 79999, patience 159998
iter 84000
patience 159998
Epoch 14: validation accuracy 0.00110037950799
Best validation accuracy to date.
iter 84999, patience 169998
Epoch 14: validation accuracy 0.00108760898001
Best validation accuracy to date.
iter 89999, patience 179998
iter 90000
patience 179998
Epoch 15: validation accuracy 0.00107654125895
Best validation accuracy to date.
iter 94999, patience 189998
iter 96000
patience 189998
Epoch 16: validation accuracy 0.00106678716838
Best validation accuracy to date.
iter 99999, patience 199998
iter 102000
patience 199998
Epoch 17: validation accuracy 0.0010580625385
Best validation accuracy to date.
iter 104999, patience 209998
iter 108000
patience 209998
Epoch 18: validation accuracy 0.00105016049929
Best validation accuracy to date.
iter 109999, patience 219998
iter 114000
patience 219998
Epoch 19: validation accuracy 0.00104292249307
Best validation accuracy to date.
iter 114999, patience 229998
Epoch 19: validation accuracy 0.00103622511961
Best validation accuracy to date.
iter 119999, patience 239998
iter 120000
patience 239998
Epoch 20: validation accuracy 0.00102996942587
Best validation accuracy to date.
iter 124999, patience 249998
iter 126000
patience 249998
Epoch 21: validation accuracy 0.00102407822851
Best validation accuracy to date.
iter 129999, patience 259998
iter 132000
patience 259998
Epoch 22: validation accuracy 0.0010184943676
Best validation accuracy to date.
iter 134999, patience 269998
iter 138000
patience 269998
Epoch 23: validation accuracy 0.00101317453664
Best validation accuracy to date.
iter 139999, patience 2799Got result 0.000919733312912
Completed successfully in 2185.27 seconds. [{u'main': 0.0009197333129122853}]
98
iter 144000
patience 279998
Epoch 24: validation accuracy 0.00100808881689
Best validation accuracy to date.
iter 144999, patience 289998
Epoch 24: validation accuracy 0.00100321520586
Best validation accuracy to date.
iter 150000
patience 289998
Epoch 25: validation accuracy 0.000998537871055
Best validation accuracy to date.
iter 156000
patience 289998
Epoch 26: validation accuracy 0.000994044705294
Best validation accuracy to date.
iter 162000
patience 289998
Epoch 27: validation accuracy 0.000989723601379
Best validation accuracy to date.
iter 168000
patience 289998
Epoch 28: validation accuracy 0.000985563732684
Best validation accuracy to date.
iter 174000
patience 289998
Epoch 29: validation accuracy 0.000981555902399
Best validation accuracy to date.
Epoch 29: validation accuracy 0.000977691379376
Best validation accuracy to date.
iter 180000
patience 289998
Epoch 30: validation accuracy 0.000973962305579
Best validation accuracy to date.
iter 186000
patience 289998
Epoch 31: validation accuracy 0.000970362802036
Best validation accuracy to date.
iter 192000
patience 289998
Epoch 32: validation accuracy 0.000966887397226
Best validation accuracy to date.
iter 198000
patience 289998
Epoch 33: validation accuracy 0.000963534344919
Best validation accuracy to date.
iter 204000
patience 289998
Epoch 34: validation accuracy 0.000960299395956
Best validation accuracy to date.
Epoch 34: validation accuracy 0.000957180454861
Best validation accuracy to date.
iter 210000
patience 289998
Epoch 35: validation accuracy 0.000954172399361
Best validation accuracy to date.
iter 216000
patience 289998
Epoch 36: validation accuracy 0.000951270456426
Best validation accuracy to date.
iter 222000
patience 289998
Epoch 37: validation accuracy 0.000948468456045
Best validation accuracy to date.
iter 228000
patience 289998
Epoch 38: validation accuracy 0.000945759529714
Best validation accuracy to date.
iter 234000
patience 289998
Epoch 39: validation accuracy 0.000943135702983
Best validation accuracy to date.
Epoch 39: validation accuracy 0.000940588011872
Best validation accuracy to date.
iter 240000
patience 289998
Epoch 40: validation accuracy 0.000938107375987
Best validation accuracy to date.
iter 246000
patience 289998
Epoch 41: validation accuracy 0.000935685471632
Best validation accuracy to date.
iter 252000
patience 289998
Epoch 42: validation accuracy 0.000933313393034
Best validation accuracy to date.
iter 258000
patience 289998
Epoch 43: validation accuracy 0.000930982059799
Best validation accuracy to date.
iter 264000
patience 289998
Epoch 44: validation accuracy 0.000928685010877
Best validation accuracy to date.
Epoch 44: validation accuracy 0.000926416192669
Best validation accuracy to date.
iter 270000
patience 289998
Epoch 45: validation accuracy 0.000924170250073
Best validation accuracy to date.
iter 276000
patience 289998
Epoch 46: validation accuracy 0.00092194339959
Best validation accuracy to date.
iter 282000
patience 289998
Epoch 47: validation accuracy 0.000919733312912
Best validation accuracy to date.
iter 288000
patience 289998
iter 289998
patience 289998
break
iter 289998
patience 289998
Finished training network.
Time = 2183.223146
Result = 0.000920
