Job launching after 0.15 seconds in submission.
Running python job.
Changed into dir /home/05/45881/ba-thesis-code/spearmint/slp-2
Importing train.py
Using gpu device 0: Tesla K20m
Running train.main()

mongodb://s0545881:KNlZmiaNU@hadoop03.f4.htw-berlin.de:27020/s0545881
s0545881

Anything printed here will end up in the output directory for job #1
{u'n_hidden_layer': array([80]), u'eta': array([ 0.01]), u'border': array([2]), u'lmbda': array([ 0.])}
TensorType(float32, matrix)
TensorType(float32, matrix)
training_len 6
Validation_len 1
mini_batch_size 500
CudaNdarrayType(float32, matrix)
CudaNdarrayType(float32, matrix)
Epoch 0: validation accuracy 0.00275978562422
Best validation accuracy to date.
iter 4999, patience 20000
iter 6000
patience 20000
Epoch 1: validation accuracy 0.0021473497618
Best validation accuracy to date.
iter 9999, patience 20000
iter 12000
patience 20000
Epoch 2: validation accuracy 0.00183108402416
Best validation accuracy to date.
iter 14999, patience 29998
iter 18000
patience 29998
Epoch 3: validation accuracy 0.00166090566199
Best validation accuracy to date.
iter 19999, patience 39998
iter 24000
patience 39998
Epoch 4: validation accuracy 0.00154637079686
Best validation accuracy to date.
iter 24999, patience 49998
Epoch 4: validation accuracy 0.00145937351044
Best validation accuracy to date.
iter 29999, patience 59998
iter 30000
patience 59998
Epoch 5: validation accuracy 0.0013981370721
Best validation accuracy to date.
iter 34999, patience 69998
iter 36000
patience 69998
Epoch 6: validation accuracy 0.00135339272674
Best validation accuracy to date.
iter 39999, patience 79998
iter 42000
patience 79998
Epoch 7: validation accuracy 0.00131857069209
Best validation accuracy to date.
iter 44999, patience 89998
iter 48000
patience 89998
Epoch 8: validation accuracy 0.00128995662089
Best validation accuracy to date.
iter 49999, patience 99998
iter 54000
patience 99998
Epoch 9: validation accuracy 0.00126537797041
Best validation accuracy to date.
iter 54999, patience 109998
Epoch 9: validation accuracy 0.00124360900372
Best validation accuracy to date.
iter 59999, patience 119998
iter 60000
patience 119998
Epoch 10: validation accuracy 0.00122386135627
Best validation accuracy to date.
iter 64999, patience 129998
iter 66000
patience 129998
Epoch 11: validation accuracy 0.00120553059969
Best validation accuracy to date.
iter 69999, patience 139998
iter 72000
patience 139998
Epoch 12: validation accuracy 0.00118811370339
Best validation accuracy to date.
iter 74999, patience 149998
iter 78000
patience 149998
Epoch 13: validation accuracy 0.00117109937128
Best validation accuracy to date.
iter 79999, patience 159998
iter 84000
patience 159998
Epoch 14: validation accuracy 0.00115384836681
Best validation accuracy to date.
iter 84999, patience 169998
Epoch 14: validation accuracy 0.00113557174336
Best validation accuracy to date.
iter 89999, patience 179998
iter 90000
patience 179998
Epoch 15: validation accuracy 0.00111576146446
Best validation accuracy to date.
iter 94999, patience 189998
iter 96000
patience 189998
Epoch 16: validation accuracy 0.00109518389218
Best validation accuracy to date.
iter 99999, patience 199998
iter 102000
patience 199998
Epoch 17: validation accuracy 0.001075678505
Best validation accuracy to date.
iter 104999, patience 209998
iter 108000
patience 209998
Epoch 18: validation accuracy 0.0010582919931
Best validation accuracy to date.
iter 109999, patience 219998
iter 114000
patience 219998
Epoch 19: validation accuracy 0.00104282039683
Best validation accuracy to date.
iter 114999, patience 229998
Epoch 19: validation accuracy 0.00102871924173
Best validation accuracy to date.
iter 119999, patience 239998
iter 120000
patience 239998
Epoch 20: validation accuracy 0.00101555534638
Best validation accuracy to date.
iter 124999, patience 249998
iter 126000
patience 249998
Epoch 21: validation accuracy 0.00100306409877
Best validation accuracy to date.
iter 129999, patience 259998
iter 132000
patience 259998
Epoch 22: validation accuracy 0.000991121982224
Best validation accuracy to date.
iter 134999, patience 269998
iter 138000
patience 269998
Epoch 23: validation accuracy 0.000979694887064
Best validation accuracy to date.
iter 139999, patience 279998
iter 144000
patience 279998
Epoch 24: validation accuracy 0.000968798063695
Best validation accuracy to date.
iter 144999, patience 289998
Epoch 24: validation accuracy 0.000958466553129
Best validation accuracy to date.
iter 149999, patience 299998
iter 150000
patience 299998
Epoch 25: validation accuracy 0.000948732253164
Best validation accuracy to date.
iter 154999, patience 309998
iter 156000
patience 309998
Epoch 26: validation accuracy 0.000939619669225
Best validation accuracy to date.
iter 159999, patience 319998
iter 162000
patience 319998
Epoch 27: validation accuracy 0.000931127462536
Best validation accuracy to date.
iter 164999, patience 329998
iter 168000
patience 329998
Epoch 28: validation accuracy 0.000923230079934
Best validation accuracy to date.
iter 169999, patience 339998
iter 174000
patience 339998
Epoch 29: validation accuracy 0.000915882061236
Best validation accuracy to date.
iter 174999, patience 349998
Epoch 29: validation accuracy 0.000909031834453
Best validation accuracy to date.
iter 179999, patience 359998
iter 180000
patience 359998
Epoch 30: validation accuracy 0.000902637140825
Best validation accuracy to date.
iter 184999, patience 369998
iter 186000
patience 369998
Epoch 31: validation accuracy 0.000896661542356
Best validation accuracy to date.
iter 189999, patience 379998
iter 192000
patience 379998
Epoch 32: validation accuracy 0.000891075585969
Best validation accuracy to date.
iter 194999, patience 389998
iter 198000
patience 389998
Epoch 33: validation accuracy 0.000885853020009
Best validation accuracy to date.
iter 199999, patience 399998
iter 204000
patience 399998
Epoch 34: validation accuracy 0.000880967592821
Best validation accuracy to date.
iter 204999, patience 409998
Epoch 34: validation accuracy 0.000876393693034
Best validation accuracy to date.
iter 209999, patience 419998
iter 210000
patience 419998
Epoch 35: validation accuracy 0.000872106815223
Best validation accuracy to date.
iter 216000
patience 419998
Epoch 36: validation accuracy 0.000868081813678
Best validation accuracy to date.
iter 222000
patience 419998
Epoch 37: validation accuracy 0.000864295812789
Best validation accuracy to date.
iter 228000
patience 419998
Epoch 38: validation accuracy 0.000860726344399
Best validation accuracy to date.
iter 234000
patience 419998
Epoch 39: validation accuracy 0.000857353210449
Best validation accuracy to date.
Epoch 39: validation accuracy 0.000854157377034
Best validation accuracy to date.
iter 240000
patience 419998
Epoch 40: validation accuracy 0.000851123069879
Best validation accuracy to date.
iter 246000
patience 419998
Epoch 41: validation accuracy 0.000848235271405
Best validation accuracy to date.
iter 252000
patience 419998
Epoch 42: validation accuracy 0.000845481117722
Best validation accuracy to date.
iter 258000
patience 419998
Epoch 43: validation accuracy 0.00084284908371
Best validation accuracy to date.
iter 264000
patience 419998
Epoch 44: validation accuracy 0.0008403302636
Best validation accuracy to date.
Epoch 44: validation accuracy 0.00083791668294
Best validation accuracy to date.
iter 270000
patience 419998
Epoch 45: validation accuracy 0.000835600541905
Best validation accuracy to date.
iter 276000
patience 419998
Epoch 46: validation accuracy 0.000833376543596
Best validation accuracy to date.
iter 282000
patience 419998
Epoch 47: validation accuracy 0.000831239391118
Best validation accuracy to date.
iter 288000
patience 419998
Epoch 48: validation accuracy 0.000829184777103
Best validation accuracy to date.
iter 294000
patience 419998
Epoch 49: validation accuracy 0.000827209849376
Best validation accuracy to date.
Epoch 49: validation accuracy 0.000825310591608
Best validation accuracy to date.
iter 300000
patience 419998
Epoch 50: validation accuracy 0.000823485082947
Best validation accuracy to date.
iter 306000
patience 419998
Epoch 51: validation accuracy 0.000821729947347
Best validation accuracy to date.
iter 312000
patience 419998
Epoch 52: validation accuracy 0.000820043787826
Best validation accuracy to date.
iter 318000
patience 419998
EGot result 0.000797624059487
Completed successfully in 2933.11 seconds. [{u'main': 0.0007976240594871342}]
poch 53: validation accuracy 0.000818423402961
Best validation accuracy to date.
iter 324000
patience 419998
Epoch 54: validation accuracy 0.000816867919639
Best validation accuracy to date.
Epoch 54: validation accuracy 0.000815374136437
Best validation accuracy to date.
iter 330000
patience 419998
Epoch 55: validation accuracy 0.000813940365333
Best validation accuracy to date.
iter 336000
patience 419998
Epoch 56: validation accuracy 0.000812565325759
Best validation accuracy to date.
iter 342000
patience 419998
Epoch 57: validation accuracy 0.000811246456578
Best validation accuracy to date.
iter 348000
patience 419998
Epoch 58: validation accuracy 0.000809981371276
Best validation accuracy to date.
iter 354000
patience 419998
Epoch 59: validation accuracy 0.000808768847492
Best validation accuracy to date.
Epoch 59: validation accuracy 0.000807606207673
Best validation accuracy to date.
iter 360000
patience 419998
Epoch 60: validation accuracy 0.000806492229458
Best validation accuracy to date.
iter 366000
patience 419998
Epoch 61: validation accuracy 0.000805424991995
Best validation accuracy to date.
iter 372000
patience 419998
Epoch 62: validation accuracy 0.000804401992355
Best validation accuracy to date.
iter 378000
patience 419998
Epoch 63: validation accuracy 0.000803421833552
Best validation accuracy to date.
iter 384000
patience 419998
Epoch 64: validation accuracy 0.000802482536528
Best validation accuracy to date.
Epoch 64: validation accuracy 0.000801582529675
Best validation accuracy to date.
iter 390000
patience 419998
Epoch 65: validation accuracy 0.000800720881671
Best validation accuracy to date.
iter 396000
patience 419998
Epoch 66: validation accuracy 0.000799895497039
Best validation accuracy to date.
iter 402000
patience 419998
Epoch 67: validation accuracy 0.000799104920588
Best validation accuracy to date.
iter 408000
patience 419998
Epoch 68: validation accuracy 0.000798348512035
Best validation accuracy to date.
iter 414000
patience 419998
Epoch 69: validation accuracy 0.000797624059487
Best validation accuracy to date.
iter 419998
patience 419998
break
iter 419998
patience 419998
Finished training network.
Time = 2930.875263
Result = 0.000798
