Job launching after 0.15 seconds in submission.
Running python job.
Changed into dir /home/05/45881/ba-thesis-code/spearmint/slp-2
Importing train.py
Using gpu device 0: Tesla K20m
Running train.main()
Got result 0.069507598877
Completed successfully in 254.99 seconds. [{u'main': 0.06950759887695312}]

mongodb://s0545881:KNlZmiaNU@hadoop03.f4.htw-berlin.de:27020/s0545881
s0545881

Anything printed here will end up in the output directory for job #12
{u'n_hidden_layer': array([80]), u'eta': array([ 0.08333786]), u'border': array([5]), u'lmbda': array([  9.95241445e-07])}
TensorType(float32, matrix)
TensorType(float32, matrix)
training_len 6
Validation_len 1
mini_batch_size 500
CudaNdarrayType(float32, matrix)
CudaNdarrayType(float32, matrix)
Epoch 0: validation accuracy 0.0768289491534
Best validation accuracy to date.
iter 4999, patience 20000
iter 6000
patience 20000
Epoch 1: validation accuracy 0.0765639320016
Best validation accuracy to date.
iter 12000
patience 20000
Epoch 2: validation accuracy 0.069507598877
Best validation accuracy to date.
iter 14999, patience 29998
iter 18000
patience 29998
Epoch 3: validation accuracy 0.0766191780567
iter 24000
patience 29998
Epoch 4: validation accuracy 0.0768564417958
iter 29998
patience 29998
break
iter 29998
patience 29998
Finished training network.
Time = 252.955168
Result = 0.069508
