Job launching after 0.15 seconds in submission.
Running python job.
Changed into dir /home/05/45881/ba-thesis-code/spearmint/slp-2
Importing train.py
Using gpu device 0: Tesla K20m
Running train.main()

mongodb://s0545881:KNlZmiaNU@hadoop03.f4.htw-berlin.de:27020/s0545881
s0545881

Anything printed here will end up in the output directory for job #5
{u'n_hidden_layer': array([80]), u'eta': array([ 0.02717705]), u'border': array([2]), u'lmbda': array([  2.88457025e-08])}
TensorType(float32, matrix)
TensorType(float32, matrix)
training_len 6
Validation_len 1
mini_batch_size 500
CudaNdarrayType(float32, matrix)
CudaNdarrayType(float32, matrix)
Epoch 0: validation accuracy 0.00197444111109
Best validation accuracy to date.
iter 4999, patience 20000
iter 6000
patience 20000
Epoch 1: validation accuracy 0.00155832932796
Best validation accuracy to date.
iter 9999, patience 20000
iter 12000
patience 20000
Epoch 2: validation accuracy 0.00135689857416
Best validation accuracy to date.
iter 14999, patience 29998
iter 18000
patience 29998
Epoch 3: validation accuracy 0.00122666335665
Best validation accuracy to date.
iter 19999, patience 39998
iter 24000
patience 39998
Epoch 4: validation accuracy 0.00113747944124
Best validation accuracy to date.
iter 24999, patience 49998
Epoch 4: validation accuracy 0.00107962684706
Best validation accuracy to date.
iter 29999, patience 59998
iter 30000
patience 59998
Epoch 5: validation accuracy 0.00104132504202
Best validation accuracy to date.
iter 34999, patience 69998
iter 36000
patience 69998
Epoch 6: validation accuracy 0.00101499154698
Best validation accuracy to date.
iter 39999, patience 79998
iter 42000
patience 79998
Epoch 7: validation accuracy 0.000995487556793
Best validation accuracy to date.
iter 44999, patience 89998
iter 48000
patience 89998
Epoch 8: validation accuracy 0.000979737378657
Best validation accuracy to date.
iter 49999, patience 99998
iter 54000
patience 99998
Epoch 9: validation accuracy 0.000966248451732
Best validation accuracy to date.
iter 54999, patience 109998
Epoch 9: validation accuracy 0.00095432047965
Best validation accuracy to date.
iter 59999, patience 119998
iter 60000
patience 119998
Epoch 10: validation accuracy 0.000943638966419
Best validation accuracy to date.
iter 64999, patience 129998
iter 66000
patience 129998
Epoch 11: validation accuracy 0.000934006413445
Best validation accuracy to date.
iter 69999, patience 139998
iter 72000
patience 139998
Epoch 12: validation accuracy 0.000925214262679
Best validation accuracy to date.
iter 74999, patience 149998
iter 78000
patience 149998
Epoch 13: validation accuracy 0.000917079451028
Best validation accuracy to date.
iter 79999, patience 159998
iter 84000
patience 159998
Epoch 14: validation accuracy 0.000909481954295
Best validation accuracy to date.
iter 84999, patience 169998
Epoch 14: validation accuracy 0.000902354717255
Best validation accuracy to date.
iter 89999, patience 179998
iter 90000
patience 179998
Epoch 15: validation accuracy 0.000895656703506
Best validation accuracy to date.
iter 94999, patience 189998
iter 96000
patience 189998
Epoch 16: validation accuracy 0.000889352697413
Best validation accuracy to date.
iter 99999, patience 199998
iter 102000
patience 199998
Epoch 17: validation accuracy 0.000883417320438
Best validation accuracy to date.
iter 104999, patience 209998
iter 108000
patience 209998
Epoch 18: validation accuracy 0.000877827056684
Best validation accuracy to date.
iter 109999, patience 219998
iter 114000
patience 219998
Epoch 19: validation accuracy 0.000872548494954
Best validation accuracy to date.
iter 114999, patience 229998
Epoch 19: validation accuracy 0.000867549621034
Best validation accuracy to date.
iter 119999, patience 239998
iter 120000
patience 239998
Epoch 20: validation accuracy 0.000862812739797
Best validation accuracy to date.
iter 124999, patience 249998
iter 126000
patience 249998
Epoch 21: validation accuracy 0.000858333369251
Best validation accuracy to date.
iter 129999, patience 259998
iter 132000
patience 259998
Epoch 22: validation accuracy 0.000854108657222
Best validation accuracy to date.
iter 138000
patience 259998
Epoch 23: validation accuracy 0.000850132491905
Best validation accuracy to date.
iter 144000
patience 259998
Epoch Got result 0.000798137800302
Completed successfully in 1791.84 seconds. [{u'main': 0.0007981378003023565}]
24: validation accuracy 0.000846393872052
Best validation accuracy to date.
Epoch 24: validation accuracy 0.00084287620848
Best validation accuracy to date.
iter 150000
patience 259998
Epoch 25: validation accuracy 0.000839562155306
Best validation accuracy to date.
iter 156000
patience 259998
Epoch 26: validation accuracy 0.000836433784571
Best validation accuracy to date.
iter 162000
patience 259998
Epoch 27: validation accuracy 0.000833474448882
Best validation accuracy to date.
iter 168000
patience 259998
Epoch 28: validation accuracy 0.000830669538118
Best validation accuracy to date.
iter 174000
patience 259998
Epoch 29: validation accuracy 0.000828006363008
Best validation accuracy to date.
Epoch 29: validation accuracy 0.000825474271551
Best validation accuracy to date.
iter 180000
patience 259998
Epoch 30: validation accuracy 0.000823064183351
Best validation accuracy to date.
iter 186000
patience 259998
Epoch 31: validation accuracy 0.000820767018013
Best validation accuracy to date.
iter 192000
patience 259998
Epoch 32: validation accuracy 0.000818575208541
Best validation accuracy to date.
iter 198000
patience 259998
Epoch 33: validation accuracy 0.000816480722278
Best validation accuracy to date.
iter 204000
patience 259998
Epoch 34: validation accuracy 0.000814478029497
Best validation accuracy to date.
Epoch 34: validation accuracy 0.000812559388578
Best validation accuracy to date.
iter 210000
patience 259998
Epoch 35: validation accuracy 0.000810718978755
Best validation accuracy to date.
iter 216000
patience 259998
Epoch 36: validation accuracy 0.00080895103747
Best validation accuracy to date.
iter 222000
patience 259998
Epoch 37: validation accuracy 0.000807249802165
Best validation accuracy to date.
iter 228000
patience 259998
Epoch 38: validation accuracy 0.000805609684903
Best validation accuracy to date.
iter 234000
patience 259998
Epoch 39: validation accuracy 0.000804025272373
Best validation accuracy to date.
Epoch 39: validation accuracy 0.000802491325885
Best validation accuracy to date.
iter 240000
patience 259998
Epoch 40: validation accuracy 0.000801001966465
Best validation accuracy to date.
iter 246000
patience 259998
Epoch 41: validation accuracy 0.000799552653916
Best validation accuracy to date.
iter 252000
patience 259998
Epoch 42: validation accuracy 0.000798137800302
Best validation accuracy to date.
iter 258000
patience 259998
iter 259998
patience 259998
break
iter 259998
patience 259998
Finished training network.
Time = 1789.790243
Result = 0.000798
