Job launching after 0.15 seconds in submission.
Running python job.
Changed into dir /home/05/45881/ba-thesis-code/spearmint/slp-2
Importing train.py
Using gpu device 0: Tesla K20m
Running train.main()

mongodb://s0545881:KNlZmiaNU@hadoop03.f4.htw-berlin.de:27020/s0545881
s0545881

Anything printed here will end up in the output directory for job #10
{u'n_hidden_layer': array([197]), u'eta': array([ 0.01]), u'border': array([4]), u'lmbda': array([  1.00000000e-05])}
TensorType(float32, matrix)
TensorType(float32, matrix)
training_len 6
Validation_len 1
mini_batch_size 500
CudaNdarrayType(float32, matrix)
CudaNdarrayType(float32, matrix)
Epoch 0: validation accuracy 0.00272894324735
Best validation accuracy to date.
iter 4999, patience 20000
iter 6000
patience 20000
Epoch 1: validation accuracy 0.00217183865607
Best validation accuracy to date.
iter 9999, patience 20000
iter 12000
patience 20000
Epoch 2: validation accuracy 0.00188404181972
Best validation accuracy to date.
iter 14999, patience 29998
iter 18000
patience 29998
Epoch 3: validation accuracy 0.00168924755417
Best validation accuracy to date.
iter 19999, patience 39998
iter 24000
patience 39998
Epoch 4: validation accuracy 0.00157060660422
Best validation accuracy to date.
iter 24999, patience 49998
Epoch 4: validation accuracy 0.00149038573727
Best validation accuracy to date.
iter 29999, patience 59998
iter 30000
patience 59998
Epoch 5: validation accuracy 0.00142732798122
Best validation accuracy to date.
iter 34999, patience 69998
iter 36000
patience 69998
Epoch 6: validation accuracy 0.0013734519016
Best validation accuracy to date.
iter 39999, patience 79998
iter 42000
patience 79998
Epoch 7: validation accuracy 0.00132658414077
Best validation accuracy to date.
iter 44999, patience 89998
iter 48000
patience 89998
Epoch 8: validation accuracy 0.0012865307508
Best validation accuracy to date.
iter 49999, patience 99998
iter 54000
patience 99998
Epoch 9: validation accuracy 0.00125324493274
Best validation accuracy to date.
iter 54999, patience 109998
Epoch 9: validation accuracy 0.001226070337
Best validation accuracy to date.
iter 59999, patience 119998
iter 60000
patience 119998
Epoch 10: validation accuracy 0.00120355805848
Best validation accuracy to date.
iter 64999, patience 129998
iter 66000
patience 129998
Epoch 11: validation accuracy 0.00118413462769
Best validation accuracy to date.
iter 69999, patience 139998
iter 72000
patience 139998
Epoch 12: validation accuracy 0.00116691330913
Best validation accuracy to date.
iter 74999, patience 149998
iter 78000
patience 149998
Epoch 13: validation accuracy 0.00115157105029
Best validation accuracy to date.
iter 79999, patience 159998
iter 84000
patience 159998
Epoch 14: validation accuracy 0.00113795546349
Best validation accuracy to date.
iter 84999, patience 169998
Epoch 14: validation accuracy 0.00112592696678
Best validation accuracy to date.
iter 89999, patience 179998
iter 90000
patience 179998
Epoch 15: validation accuracy 0.00111534353346
Best validation accuracy to date.
iter 94999, patience 189998
iter 96000
patience 189998
Epoch 16: validation accuracy 0.00110605626833
Best validation accuracy to date.
iter 99999, patience 199998
iter 102000
patience 199998
Epoch 17: validation accuracy 0.0010979102226
Best validation accuracy to date.
iter 104999, patience 209998
iter 108000
patience 209998
Epoch 18: validation accuracy 0.00109075068031
Best validation accuracy to date.
iter 109999, patience 219998
iter 114000
patience 219998
Epoch 19: validation accuracy 0.00108443165664
Best validation accuracy to date.
iter 114999, patience 229998
Epoch 19: validation accuracy 0.00107881869189
Best validation accuracy to date.
iter 119999, patience 239998
iter 120000
patience 239998
Epoch 20: validation accuracy 0.00107379350811
Best validation accuracy to date.
iter 126000
patience 239998
Epoch 21: validation accuracy 0.00106925086584
Best validation accuracy to date.
iter 132000
patience 239998
Epoch 22: validation accuracy 0.00106510042679
Best validation accuracy to date.
iter 138000
patience 239998
Epoch 23: validation accuracy 0.00106126244646
Best validation accuracy to date.
iter 144000
patience 239998
Epoch 24: validation accuracy 0.00105767021887
Best validation accuracy to date.
Epoch 24: vGot result 0.00100782280788
Completed successfully in 2010.97 seconds. [{u'main': 0.0010078228078782558}]
alidation accuracy 0.00105426658411
Best validation accuracy to date.
iter 150000
patience 239998
Epoch 25: validation accuracy 0.00105100404471
Best validation accuracy to date.
iter 156000
patience 239998
Epoch 26: validation accuracy 0.00104784523137
Best validation accuracy to date.
iter 162000
patience 239998
Epoch 27: validation accuracy 0.00104476360139
Best validation accuracy to date.
iter 168000
patience 239998
Epoch 28: validation accuracy 0.00104173994623
Best validation accuracy to date.
iter 174000
patience 239998
Epoch 29: validation accuracy 0.00103875878267
Best validation accuracy to date.
Epoch 29: validation accuracy 0.00103581801523
Best validation accuracy to date.
iter 180000
patience 239998
Epoch 30: validation accuracy 0.00103291508276
Best validation accuracy to date.
iter 186000
patience 239998
Epoch 31: validation accuracy 0.00103005720302
Best validation accuracy to date.
iter 192000
patience 239998
Epoch 32: validation accuracy 0.00102725357283
Best validation accuracy to date.
iter 198000
patience 239998
Epoch 33: validation accuracy 0.00102451455314
Best validation accuracy to date.
iter 204000
patience 239998
Epoch 34: validation accuracy 0.00102185131982
Best validation accuracy to date.
Epoch 34: validation accuracy 0.00101927365176
Best validation accuracy to date.
iter 210000
patience 239998
Epoch 35: validation accuracy 0.0010167886503
Best validation accuracy to date.
iter 216000
patience 239998
Epoch 36: validation accuracy 0.00101440073922
Best validation accuracy to date.
iter 222000
patience 239998
Epoch 37: validation accuracy 0.00101211119909
Best validation accuracy to date.
iter 228000
patience 239998
Epoch 38: validation accuracy 0.00100991921499
Best validation accuracy to date.
iter 234000
patience 239998
Epoch 39: validation accuracy 0.00100782280788
Best validation accuracy to date.
iter 239998
patience 239998
break
iter 239998
patience 239998
Finished training network.
Time = 2008.933821
Result = 0.001008
