Job launching after 0.15 seconds in submission.
Running python job.
Changed into dir /home/05/45881/ba-thesis-code/spearmint/slp-2
Importing train.py
Using gpu device 0: Tesla K20m
Running train.main()
Got result 0.0768868327141
Completed successfully in 179.60 seconds. [{u'main': 0.07688683271408081}]

mongodb://s0545881:KNlZmiaNU@hadoop03.f4.htw-berlin.de:27020/s0545881
s0545881

Anything printed here will end up in the output directory for job #4
{u'n_hidden_layer': array([80]), u'eta': array([ 0.1]), u'border': array([5]), u'lmbda': array([  1.00000000e-05])}
TensorType(float32, matrix)
TensorType(float32, matrix)
training_len 6
Validation_len 1
mini_batch_size 500
CudaNdarrayType(float32, matrix)
CudaNdarrayType(float32, matrix)
Epoch 0: validation accuracy 0.0768891721964
Best validation accuracy to date.
iter 4999, patience 20000
iter 6000
patience 20000
Epoch 1: validation accuracy 0.0768875405192
Best validation accuracy to date.
iter 12000
patience 20000
Epoch 2: validation accuracy 0.0768868327141
Best validation accuracy to date.
iter 18000
patience 20000
Epoch 3: validation accuracy 0.0768879428506
iter 20000
patience 20000
break
iter 20000
patience 20000
Finished training network.
Time = 177.219022
Result = 0.076887
