Job launching after 0.15 seconds in submission.
Running python job.
Changed into dir /home/05/45881/ba-thesis-code/spearmint/slp-2
Importing train.py
Using gpu device 0: Tesla K20m
Running train.main()
Got result 0.00127834000159
Completed successfully in 1339.76 seconds. [{u'main': 0.00127834000159055}]

mongodb://s0545881:KNlZmiaNU@hadoop03.f4.htw-berlin.de:27020/s0545881
s0545881

Anything printed here will end up in the output directory for job #9
{u'n_hidden_layer': array([200]), u'eta': array([ 0.01]), u'border': array([5]), u'lmbda': array([  1.00000000e-05])}
TensorType(float32, matrix)
TensorType(float32, matrix)
training_len 6
Validation_len 1
mini_batch_size 500
CudaNdarrayType(float32, matrix)
CudaNdarrayType(float32, matrix)
Epoch 0: validation accuracy 0.0026845401153
Best validation accuracy to date.
iter 4999, patience 20000
iter 6000
patience 20000
Epoch 1: validation accuracy 0.00217748736031
Best validation accuracy to date.
iter 9999, patience 20000
iter 12000
patience 20000
Epoch 2: validation accuracy 0.00193460460287
Best validation accuracy to date.
iter 14999, patience 29998
iter 18000
patience 29998
Epoch 3: validation accuracy 0.00178277457599
Best validation accuracy to date.
iter 19999, patience 39998
iter 24000
patience 39998
Epoch 4: validation accuracy 0.00167893036269
Best validation accuracy to date.
iter 24999, patience 49998
Epoch 4: validation accuracy 0.00159671576694
Best validation accuracy to date.
iter 29999, patience 59998
iter 30000
patience 59998
Epoch 5: validation accuracy 0.00152997986879
Best validation accuracy to date.
iter 34999, patience 69998
iter 36000
patience 69998
Epoch 6: validation accuracy 0.00147573498543
Best validation accuracy to date.
iter 39999, patience 79998
iter 42000
patience 79998
Epoch 7: validation accuracy 0.00143006641883
Best validation accuracy to date.
iter 44999, patience 89998
iter 48000
patience 89998
Epoch 8: validation accuracy 0.0013904456282
Best validation accuracy to date.
iter 49999, patience 99998
iter 54000
patience 99998
Epoch 9: validation accuracy 0.00135882711038
Best validation accuracy to date.
iter 54999, patience 109998
Epoch 9: validation accuracy 0.0013307898771
Best validation accuracy to date.
iter 59999, patience 119998
iter 60000
patience 119998
Epoch 10: validation accuracy 0.00130622100551
Best validation accuracy to date.
iter 64999, patience 129998
iter 66000
patience 129998
Epoch 11: validation accuracy 0.00128845789004
Best validation accuracy to date.
iter 69999, patience 139998
iter 72000
patience 139998
Epoch 12: validation accuracy 0.00127897190396
Best validation accuracy to date.
iter 74999, patience 149998
iter 78000
patience 149998
Epoch 13: validation accuracy 0.00127834000159
Best validation accuracy to date.
iter 84000
patience 149998
Epoch 14: validation accuracy 0.00128703156952
Epoch 14: validation accuracy 0.00130630075
iter 90000
patience 149998
Epoch 15: validation accuracy 0.00133507791907
iter 96000
patience 149998
Epoch 16: validation accuracy 0.00136169837788
iter 102000
patience 149998
Epoch 17: validation accuracy 0.00138759298716
iter 108000
patience 149998
Epoch 18: validation accuracy 0.00141439167783
iter 114000
patience 149998
Epoch 19: validation accuracy 0.0014411752345
Epoch 19: validation accuracy 0.0014669096563
iter 120000
patience 149998
Epoch 20: validation accuracy 0.00149091240019
iter 126000
patience 149998
Epoch 21: validation accuracy 0.00151282025035
iter 132000
patience 149998
Epoch 22: validation accuracy 0.00153248372953
iter 138000
patience 149998
Epoch 23: validation accuracy 0.00154987385031
iter 144000
patience 149998
Epoch 24: validation accuracy 0.0015649945708
iter 149998
patience 149998
break
iter 149998
patience 149998
Finished training network.
Time = 1337.716950
Result = 0.001278
