Job launching after 0.15 seconds in submission.
Running python job.
Changed into dir /home/05/45881/ba-thesis-code/spearmint/slp-2
Importing train.py
Using gpu device 0: Tesla K20m
Running train.main()
Got result 0.00158085138537
Completed successfully in 351.64 seconds. [{u'main': 0.0015808513853698969}]

mongodb://s0545881:KNlZmiaNU@hadoop03.f4.htw-berlin.de:27020/s0545881
s0545881

Anything printed here will end up in the output directory for job #11
{u'n_hidden_layer': array([80]), u'eta': array([ 0.02971981]), u'border': array([5]), u'lmbda': array([  5.91656530e-06])}
TensorType(float32, matrix)
TensorType(float32, matrix)
training_len 6
Validation_len 1
mini_batch_size 500
CudaNdarrayType(float32, matrix)
CudaNdarrayType(float32, matrix)
Epoch 0: validation accuracy 0.00300626619719
Best validation accuracy to date.
iter 4999, patience 20000
iter 6000
patience 20000
Epoch 1: validation accuracy 0.00184856366832
Best validation accuracy to date.
iter 9999, patience 20000
iter 12000
patience 20000
Epoch 2: validation accuracy 0.00165892194491
Best validation accuracy to date.
iter 14999, patience 29998
iter 18000
patience 29998
Epoch 3: validation accuracy 0.00158085138537
Best validation accuracy to date.
iter 19999, patience 39998
iter 24000
patience 39998
Epoch 4: validation accuracy 0.00163311732467
Epoch 4: validation accuracy 0.0016990454169
iter 30000
patience 39998
Epoch 5: validation accuracy 0.00190657004714
iter 36000
patience 39998
iter 39998
patience 39998
break
iter 39998
patience 39998
Finished training network.
Time = 349.455109
Result = 0.001581
